  Fonctions.cpp
c:\users\babat\desktop\mvc\metier\image.h(10): error C3646: 'ima' : spécificateur de substitution inconnu
c:\users\babat\desktop\mvc\metier\image.h(10): error C4430: spécificateur de type manquant - int est pris en compte par défaut. Remarque : C++ ne prend pas en charge int par défaut
c:\users\babat\desktop\mvc\metier\image.h(21): error C2061: erreur de syntaxe : identificateur 'Mat'
c:\users\babat\desktop\mvc\metier\image.h(23): error C3646: 'getImage' : spécificateur de substitution inconnu
c:\users\babat\desktop\mvc\metier\image.h(23): error C2059: erreur de syntaxe : '('
c:\users\babat\desktop\mvc\metier\image.h(23): error C2238: jetons inattendus avant ';'
  application.cpp
c:\users\babat\desktop\mvc\metier\image.h(10): error C3646: 'ima' : spécificateur de substitution inconnu
c:\users\babat\desktop\mvc\metier\image.h(10): error C4430: spécificateur de type manquant - int est pris en compte par défaut. Remarque : C++ ne prend pas en charge int par défaut
c:\users\babat\desktop\mvc\metier\image.h(21): error C2061: erreur de syntaxe : identificateur 'Mat'
c:\users\babat\desktop\mvc\metier\image.h(23): error C3646: 'getImage' : spécificateur de substitution inconnu
c:\users\babat\desktop\mvc\metier\image.h(23): error C2059: erreur de syntaxe : '('
c:\users\babat\desktop\mvc\metier\image.h(23): error C2238: jetons inattendus avant ';'
  Controller.cpp
c:\users\babat\desktop\mvc\metier\image.h(10): error C3646: 'ima' : spécificateur de substitution inconnu
c:\users\babat\desktop\mvc\metier\image.h(10): error C4430: spécificateur de type manquant - int est pris en compte par défaut. Remarque : C++ ne prend pas en charge int par défaut
c:\users\babat\desktop\mvc\metier\image.h(21): error C2061: erreur de syntaxe : identificateur 'Mat'
c:\users\babat\desktop\mvc\metier\image.h(23): error C3646: 'getImage' : spécificateur de substitution inconnu
c:\users\babat\desktop\mvc\metier\image.h(23): error C2059: erreur de syntaxe : '('
c:\users\babat\desktop\mvc\metier\image.h(23): error C2238: jetons inattendus avant ';'
  main.cpp
c:\users\babat\desktop\mvc\metier\image.h(10): error C3646: 'ima' : spécificateur de substitution inconnu
c:\users\babat\desktop\mvc\metier\image.h(10): error C4430: spécificateur de type manquant - int est pris en compte par défaut. Remarque : C++ ne prend pas en charge int par défaut
c:\users\babat\desktop\mvc\metier\image.h(21): error C2061: erreur de syntaxe : identificateur 'Mat'
c:\users\babat\desktop\mvc\metier\image.h(23): error C3646: 'getImage' : spécificateur de substitution inconnu
c:\users\babat\desktop\mvc\metier\image.h(23): error C2059: erreur de syntaxe : '('
c:\users\babat\desktop\mvc\metier\image.h(23): error C2238: jetons inattendus avant ';'
  view.cpp
c:\users\babat\desktop\mvc\metier\image.h(10): error C3646: 'ima' : spécificateur de substitution inconnu
c:\users\babat\desktop\mvc\metier\image.h(10): error C4430: spécificateur de type manquant - int est pris en compte par défaut. Remarque : C++ ne prend pas en charge int par défaut
c:\users\babat\desktop\mvc\metier\image.h(21): error C2061: erreur de syntaxe : identificateur 'Mat'
c:\users\babat\desktop\mvc\metier\image.h(23): error C3646: 'getImage' : spécificateur de substitution inconnu
c:\users\babat\desktop\mvc\metier\image.h(23): error C2059: erreur de syntaxe : '('
c:\users\babat\desktop\mvc\metier\image.h(23): error C2238: jetons inattendus avant ';'
  ViewContour.cpp
c:\users\babat\desktop\mvc\metier\image.h(10): error C3646: 'ima' : spécificateur de substitution inconnu
c:\users\babat\desktop\mvc\metier\image.h(10): error C4430: spécificateur de type manquant - int est pris en compte par défaut. Remarque : C++ ne prend pas en charge int par défaut
c:\users\babat\desktop\mvc\metier\image.h(21): error C2061: erreur de syntaxe : identificateur 'Mat'
c:\users\babat\desktop\mvc\metier\image.h(23): error C3646: 'getImage' : spécificateur de substitution inconnu
c:\users\babat\desktop\mvc\metier\image.h(23): error C2059: erreur de syntaxe : '('
c:\users\babat\desktop\mvc\metier\image.h(23): error C2238: jetons inattendus avant ';'
c:\users\babat\desktop\mvc\application\viewcontour.cpp(37): error C2660: 'Image::setImage' : la fonction ne prend pas 1 arguments
  c:\users\babat\desktop\mvc\metier\image.h(21): note: voir la déclaration de 'Image::setImage'
c:\users\babat\desktop\mvc\application\viewcontour.cpp(44): error C2039: 'getImage' : n'est pas membre de 'Image'
  c:\users\babat\desktop\mvc\metier\image.h(6): note: voir la déclaration de 'Image'
  ViewCouleur.cpp
c:\users\babat\desktop\mvc\metier\image.h(10): error C3646: 'ima' : spécificateur de substitution inconnu
c:\users\babat\desktop\mvc\metier\image.h(10): error C4430: spécificateur de type manquant - int est pris en compte par défaut. Remarque : C++ ne prend pas en charge int par défaut
c:\users\babat\desktop\mvc\metier\image.h(21): error C2061: erreur de syntaxe : identificateur 'Mat'
c:\users\babat\desktop\mvc\metier\image.h(23): error C3646: 'getImage' : spécificateur de substitution inconnu
c:\users\babat\desktop\mvc\metier\image.h(23): error C2059: erreur de syntaxe : '('
c:\users\babat\desktop\mvc\metier\image.h(23): error C2238: jetons inattendus avant ';'
c:\users\babat\desktop\mvc\application\viewcouleur.cpp(38): error C2660: 'Image::setImage' : la fonction ne prend pas 1 arguments
  c:\users\babat\desktop\mvc\metier\image.h(21): note: voir la déclaration de 'Image::setImage'
c:\users\babat\desktop\mvc\application\viewcouleur.cpp(45): error C2039: 'getImage' : n'est pas membre de 'Image'
  c:\users\babat\desktop\mvc\metier\image.h(6): note: voir la déclaration de 'Image'
  ViewDilatation.cpp
c:\users\babat\desktop\mvc\metier\image.h(10): error C3646: 'ima' : spécificateur de substitution inconnu
c:\users\babat\desktop\mvc\metier\image.h(10): error C4430: spécificateur de type manquant - int est pris en compte par défaut. Remarque : C++ ne prend pas en charge int par défaut
c:\users\babat\desktop\mvc\metier\image.h(21): error C2061: erreur de syntaxe : identificateur 'Mat'
c:\users\babat\desktop\mvc\metier\image.h(23): error C3646: 'getImage' : spécificateur de substitution inconnu
c:\users\babat\desktop\mvc\metier\image.h(23): error C2059: erreur de syntaxe : '('
c:\users\babat\desktop\mvc\metier\image.h(23): error C2238: jetons inattendus avant ';'
c:\users\babat\desktop\mvc\application\viewdilatation.cpp(36): error C2660: 'Image::setImage' : la fonction ne prend pas 1 arguments
  c:\users\babat\desktop\mvc\metier\image.h(21): note: voir la déclaration de 'Image::setImage'
c:\users\babat\desktop\mvc\application\viewdilatation.cpp(43): error C2039: 'getImage' : n'est pas membre de 'Image'
  c:\users\babat\desktop\mvc\metier\image.h(6): note: voir la déclaration de 'Image'
  ViewErosion.cpp
c:\users\babat\desktop\mvc\metier\image.h(10): error C3646: 'ima' : spécificateur de substitution inconnu
c:\users\babat\desktop\mvc\metier\image.h(10): error C4430: spécificateur de type manquant - int est pris en compte par défaut. Remarque : C++ ne prend pas en charge int par défaut
c:\users\babat\desktop\mvc\metier\image.h(21): error C2061: erreur de syntaxe : identificateur 'Mat'
c:\users\babat\desktop\mvc\metier\image.h(23): error C3646: 'getImage' : spécificateur de substitution inconnu
c:\users\babat\desktop\mvc\metier\image.h(23): error C2059: erreur de syntaxe : '('
c:\users\babat\desktop\mvc\metier\image.h(23): error C2238: jetons inattendus avant ';'
c:\users\babat\desktop\mvc\application\viewerosion.cpp(36): error C2660: 'Image::setImage' : la fonction ne prend pas 1 arguments
  c:\users\babat\desktop\mvc\metier\image.h(21): note: voir la déclaration de 'Image::setImage'
c:\users\babat\desktop\mvc\application\viewerosion.cpp(43): error C2039: 'getImage' : n'est pas membre de 'Image'
  c:\users\babat\desktop\mvc\metier\image.h(6): note: voir la déclaration de 'Image'
  ViewGauss.cpp
c:\users\babat\desktop\mvc\metier\image.h(10): error C3646: 'ima' : spécificateur de substitution inconnu
c:\users\babat\desktop\mvc\metier\image.h(10): error C4430: spécificateur de type manquant - int est pris en compte par défaut. Remarque : C++ ne prend pas en charge int par défaut
c:\users\babat\desktop\mvc\metier\image.h(21): error C2061: erreur de syntaxe : identificateur 'Mat'
c:\users\babat\desktop\mvc\metier\image.h(23): error C3646: 'getImage' : spécificateur de substitution inconnu
c:\users\babat\desktop\mvc\metier\image.h(23): error C2059: erreur de syntaxe : '('
c:\users\babat\desktop\mvc\metier\image.h(23): error C2238: jetons inattendus avant ';'
c:\users\babat\desktop\mvc\application\viewgauss.cpp(36): error C2660: 'Image::setImage' : la fonction ne prend pas 1 arguments
  c:\users\babat\desktop\mvc\metier\image.h(21): note: voir la déclaration de 'Image::setImage'
c:\users\babat\desktop\mvc\application\viewgauss.cpp(43): error C2039: 'getImage' : n'est pas membre de 'Image'
  c:\users\babat\desktop\mvc\metier\image.h(6): note: voir la déclaration de 'Image'
  ViewGradient.cpp
c:\users\babat\desktop\mvc\metier\image.h(10): error C3646: 'ima' : spécificateur de substitution inconnu
c:\users\babat\desktop\mvc\metier\image.h(10): error C4430: spécificateur de type manquant - int est pris en compte par défaut. Remarque : C++ ne prend pas en charge int par défaut
c:\users\babat\desktop\mvc\metier\image.h(21): error C2061: erreur de syntaxe : identificateur 'Mat'
c:\users\babat\desktop\mvc\metier\image.h(23): error C3646: 'getImage' : spécificateur de substitution inconnu
c:\users\babat\desktop\mvc\metier\image.h(23): error C2059: erreur de syntaxe : '('
c:\users\babat\desktop\mvc\metier\image.h(23): error C2238: jetons inattendus avant ';'
c:\users\babat\desktop\mvc\application\viewgradient.cpp(36): error C2660: 'Image::setImage' : la fonction ne prend pas 1 arguments
  c:\users\babat\desktop\mvc\metier\image.h(21): note: voir la déclaration de 'Image::setImage'
c:\users\babat\desktop\mvc\application\viewgradient.cpp(43): error C2039: 'getImage' : n'est pas membre de 'Image'
  c:\users\babat\desktop\mvc\metier\image.h(6): note: voir la déclaration de 'Image'
  ViewImage.cpp
c:\users\babat\desktop\mvc\metier\image.h(10): error C3646: 'ima' : spécificateur de substitution inconnu
c:\users\babat\desktop\mvc\metier\image.h(10): error C4430: spécificateur de type manquant - int est pris en compte par défaut. Remarque : C++ ne prend pas en charge int par défaut
c:\users\babat\desktop\mvc\metier\image.h(21): error C2061: erreur de syntaxe : identificateur 'Mat'
c:\users\babat\desktop\mvc\metier\image.h(23): error C3646: 'getImage' : spécificateur de substitution inconnu
c:\users\babat\desktop\mvc\metier\image.h(23): error C2059: erreur de syntaxe : '('
c:\users\babat\desktop\mvc\metier\image.h(23): error C2238: jetons inattendus avant ';'
c:\users\babat\desktop\mvc\application\viewimage.cpp(36): error C2660: 'Image::setImage' : la fonction ne prend pas 1 arguments
  c:\users\babat\desktop\mvc\metier\image.h(21): note: voir la déclaration de 'Image::setImage'
c:\users\babat\desktop\mvc\application\viewimage.cpp(43): error C2039: 'getImage' : n'est pas membre de 'Image'
  c:\users\babat\desktop\mvc\metier\image.h(6): note: voir la déclaration de 'Image'
  ViewLuminosite.cpp
c:\users\babat\desktop\mvc\metier\image.h(10): error C3646: 'ima' : spécificateur de substitution inconnu
c:\users\babat\desktop\mvc\metier\image.h(10): error C4430: spécificateur de type manquant - int est pris en compte par défaut. Remarque : C++ ne prend pas en charge int par défaut
c:\users\babat\desktop\mvc\metier\image.h(21): error C2061: erreur de syntaxe : identificateur 'Mat'
c:\users\babat\desktop\mvc\metier\image.h(23): error C3646: 'getImage' : spécificateur de substitution inconnu
c:\users\babat\desktop\mvc\metier\image.h(23): error C2059: erreur de syntaxe : '('
c:\users\babat\desktop\mvc\metier\image.h(23): error C2238: jetons inattendus avant ';'
c:\users\babat\desktop\mvc\application\viewluminosite.cpp(36): error C2660: 'Image::setImage' : la fonction ne prend pas 1 arguments
  c:\users\babat\desktop\mvc\metier\image.h(21): note: voir la déclaration de 'Image::setImage'
c:\users\babat\desktop\mvc\application\viewluminosite.cpp(43): error C2039: 'getImage' : n'est pas membre de 'Image'
  c:\users\babat\desktop\mvc\metier\image.h(6): note: voir la déclaration de 'Image'
  ViewMedian.cpp
c:\users\babat\desktop\mvc\metier\image.h(10): error C3646: 'ima' : spécificateur de substitution inconnu
c:\users\babat\desktop\mvc\metier\image.h(10): error C4430: spécificateur de type manquant - int est pris en compte par défaut. Remarque : C++ ne prend pas en charge int par défaut
c:\users\babat\desktop\mvc\metier\image.h(21): error C2061: erreur de syntaxe : identificateur 'Mat'
c:\users\babat\desktop\mvc\metier\image.h(23): error C3646: 'getImage' : spécificateur de substitution inconnu
c:\users\babat\desktop\mvc\metier\image.h(23): error C2059: erreur de syntaxe : '('
c:\users\babat\desktop\mvc\metier\image.h(23): error C2238: jetons inattendus avant ';'
c:\users\babat\desktop\mvc\application\viewmedian.cpp(36): error C2660: 'Image::setImage' : la fonction ne prend pas 1 arguments
  c:\users\babat\desktop\mvc\metier\image.h(21): note: voir la déclaration de 'Image::setImage'
c:\users\babat\desktop\mvc\application\viewmedian.cpp(43): error C2039: 'getImage' : n'est pas membre de 'Image'
  c:\users\babat\desktop\mvc\metier\image.h(6): note: voir la déclaration de 'Image'
  ViewMenu.cpp
c:\users\babat\desktop\mvc\metier\image.h(10): error C3646: 'ima' : spécificateur de substitution inconnu
c:\users\babat\desktop\mvc\metier\image.h(10): error C4430: spécificateur de type manquant - int est pris en compte par défaut. Remarque : C++ ne prend pas en charge int par défaut
c:\users\babat\desktop\mvc\metier\image.h(21): error C2061: erreur de syntaxe : identificateur 'Mat'
c:\users\babat\desktop\mvc\metier\image.h(23): error C3646: 'getImage' : spécificateur de substitution inconnu
c:\users\babat\desktop\mvc\metier\image.h(23): error C2059: erreur de syntaxe : '('
c:\users\babat\desktop\mvc\metier\image.h(23): error C2238: jetons inattendus avant ';'
  ViewSegmentation.cpp
c:\users\babat\desktop\mvc\metier\image.h(10): error C3646: 'ima' : spécificateur de substitution inconnu
c:\users\babat\desktop\mvc\metier\image.h(10): error C4430: spécificateur de type manquant - int est pris en compte par défaut. Remarque : C++ ne prend pas en charge int par défaut
c:\users\babat\desktop\mvc\metier\image.h(21): error C2061: erreur de syntaxe : identificateur 'Mat'
c:\users\babat\desktop\mvc\metier\image.h(23): error C3646: 'getImage' : spécificateur de substitution inconnu
c:\users\babat\desktop\mvc\metier\image.h(23): error C2059: erreur de syntaxe : '('
c:\users\babat\desktop\mvc\metier\image.h(23): error C2238: jetons inattendus avant ';'
c:\users\babat\desktop\mvc\application\viewsegmentation.cpp(36): error C2660: 'Image::setImage' : la fonction ne prend pas 1 arguments
  c:\users\babat\desktop\mvc\metier\image.h(21): note: voir la déclaration de 'Image::setImage'
c:\users\babat\desktop\mvc\application\viewsegmentation.cpp(43): error C2039: 'getImage' : n'est pas membre de 'Image'
  c:\users\babat\desktop\mvc\metier\image.h(6): note: voir la déclaration de 'Image'
  ViewSeuillage.cpp
c:\users\babat\desktop\mvc\metier\image.h(10): error C3646: 'ima' : spécificateur de substitution inconnu
c:\users\babat\desktop\mvc\metier\image.h(10): error C4430: spécificateur de type manquant - int est pris en compte par défaut. Remarque : C++ ne prend pas en charge int par défaut
c:\users\babat\desktop\mvc\metier\image.h(21): error C2061: erreur de syntaxe : identificateur 'Mat'
c:\users\babat\desktop\mvc\metier\image.h(23): error C3646: 'getImage' : spécificateur de substitution inconnu
c:\users\babat\desktop\mvc\metier\image.h(23): error C2059: erreur de syntaxe : '('
c:\users\babat\desktop\mvc\metier\image.h(23): error C2238: jetons inattendus avant ';'
c:\users\babat\desktop\mvc\application\viewseuillage.cpp(36): error C2660: 'Image::setImage' : la fonction ne prend pas 1 arguments
  c:\users\babat\desktop\mvc\metier\image.h(21): note: voir la déclaration de 'Image::setImage'
c:\users\babat\desktop\mvc\application\viewseuillage.cpp(43): error C2039: 'getImage' : n'est pas membre de 'Image'
  c:\users\babat\desktop\mvc\metier\image.h(6): note: voir la déclaration de 'Image'
  Génération de code en cours...
